[debug] [2021-06-26T02:33:19.271Z] ----------------------------------------------------------------------
[debug] [2021-06-26T02:33:19.273Z] Command:       C:\Program Files\nodejs\node.exe C:\Users\Michel\AppData\Roaming\npm\node_modules\firebase-tools\lib\bin\firebase.js init
[debug] [2021-06-26T02:33:19.274Z] CLI Version:   9.14.0
[debug] [2021-06-26T02:33:19.274Z] Platform:      win32
[debug] [2021-06-26T02:33:19.274Z] Node Version:  v14.16.1
[debug] [2021-06-26T02:33:19.275Z] Time:          Fri Jun 25 2021 23:33:19 GMT-0300 (Horário Padrão de Brasília)
[debug] [2021-06-26T02:33:19.275Z] ----------------------------------------------------------------------
[debug] 
[debug] [2021-06-26T02:33:19.285Z] > command requires scopes: ["email","openid","https://www.googleapis.com/auth/cloudplatformprojects.readonly","https://www.googleapis.com/auth/firebase","https://www.googleapis.com/auth/cloud-platform"]
[debug] [2021-06-26T02:33:19.286Z] > authorizing via signed-in user (mvp.michel@gmail.com)
[info] 
     ######## #### ########  ######## ########     ###     ######  ########
     ##        ##  ##     ## ##       ##     ##  ##   ##  ##       ##
     ######    ##  ########  ######   ########  #########  ######  ######
     ##        ##  ##    ##  ##       ##     ## ##     ##       ## ##
     ##       #### ##     ## ######## ########  ##     ##  ######  ########

You're about to initialize a Firebase project in this directory:

  D:\webdeveloper\Portfolio Vue\my-portfolio

[info] 
=== Project Setup
[info] 
[info] First, let's associate this project directory with a Firebase project.
[info] You can create multiple project aliases by running firebase use --add, 
[info] but for now we'll just set up a default project.
[info] 
[debug] [2021-06-26T02:33:48.554Z] >>> [apiv2][query] GET https://firebase.googleapis.com/v1beta1/projects pageSize=100
[debug] [2021-06-26T02:33:49.858Z] <<< [apiv2][status] GET https://firebase.googleapis.com/v1beta1/projects 200
[debug] [2021-06-26T02:33:49.858Z] <<< [apiv2][body] GET https://firebase.googleapis.com/v1beta1/projects [omitted]
[debug] [2021-06-26T02:34:21.795Z] ----------------------------------------------------------------------
[debug] [2021-06-26T02:34:21.797Z] Command:       C:\Program Files\nodejs\node.exe C:\Users\Michel\AppData\Roaming\npm\node_modules\firebase-tools\lib\bin\firebase.js init
[debug] [2021-06-26T02:34:21.798Z] CLI Version:   9.14.0
[debug] [2021-06-26T02:34:21.798Z] Platform:      win32
[debug] [2021-06-26T02:34:21.798Z] Node Version:  v14.16.1
[debug] [2021-06-26T02:34:21.799Z] Time:          Fri Jun 25 2021 23:34:21 GMT-0300 (Horário Padrão de Brasília)
[debug] [2021-06-26T02:34:21.799Z] ----------------------------------------------------------------------
[debug] 
[debug] [2021-06-26T02:34:21.804Z] > command requires scopes: ["email","openid","https://www.googleapis.com/auth/cloudplatformprojects.readonly","https://www.googleapis.com/auth/firebase","https://www.googleapis.com/auth/cloud-platform"]
[debug] [2021-06-26T02:34:21.805Z] > authorizing via signed-in user (mvp.michel@gmail.com)
[info] 
     ######## #### ########  ######## ########     ###     ######  ########
     ##        ##  ##     ## ##       ##     ##  ##   ##  ##       ##
     ######    ##  ########  ######   ########  #########  ######  ######
     ##        ##  ##    ##  ##       ##     ## ##     ##       ## ##
     ##       #### ##     ## ######## ########  ##     ##  ######  ########

You're about to initialize a Firebase project in this directory:

  D:\webdeveloper\Portfolio Vue\my-portfolio

[info] 
=== Project Setup
[info] 
[info] First, let's associate this project directory with a Firebase project.
[info] You can create multiple project aliases by running firebase use --add, 
[info] but for now we'll just set up a default project.
[info] 
[info] i  If you want to create a project in a Google Cloud organization or folder, please use "firebase projects:create" instead, and return to this command when you've created the project. 
[debug] [2021-06-26T02:34:53.873Z] > refreshing access token with scopes: ["email","https://www.googleapis.com/auth/cloud-platform","https://www.googleapis.com/auth/cloudplatformprojects.readonly","https://www.googleapis.com/auth/firebase","openid"]
[debug] [2021-06-26T02:34:53.873Z] >>> HTTP REQUEST POST https://www.googleapis.com/oauth2/v3/token  
 <request body omitted>
[debug] [2021-06-26T02:34:54.239Z] <<< HTTP RESPONSE 200 {"pragma":"no-cache","date":"Sat, 26 Jun 2021 02:34:39 GMT","cache-control":"no-cache, no-store, max-age=0, must-revalidate","expires":"Mon, 01 Jan 1990 00:00:00 GMT","content-type":"application/json; charset=utf-8","vary":"X-Origin, Referer, Origin,Accept-Encoding","server":"scaffolding on HTTPServer2","x-xss-protection":"0","x-frame-options":"SAMEORIGIN","x-content-type-options":"nosniff","alt-svc":"h3=\":443\"; ma=2592000,h3-29=\":443\"; ma=2592000,h3-T051=\":443\"; ma=2592000,h3-Q050=\":443\"; ma=2592000,h3-Q046=\":443\"; ma=2592000,h3-Q043=\":443\"; ma=2592000,quic=\":443\"; ma=2592000; v=\"46,43\"","accept-ranges":"none","transfer-encoding":"chunked"}
[debug] [2021-06-26T02:34:54.271Z] >>> HTTP REQUEST POST https://cloudresourcemanager.googleapis.com/v1/projects  
 {"projectId":"portfolio","name":"portfolio"}
[debug] [2021-06-26T02:34:55.325Z] <<< HTTP RESPONSE 409 {"vary":"X-Origin, Referer, Origin,Accept-Encoding","content-type":"application/json; charset=UTF-8","date":"Sat, 26 Jun 2021 02:34:40 GMT","server":"ESF","cache-control":"private","x-xss-protection":"0","x-frame-options":"SAMEORIGIN","x-content-type-options":"nosniff","server-timing":"gfet4t7; dur=813","alt-svc":"h3=\":443\"; ma=2592000,h3-29=\":443\"; ma=2592000,h3-T051=\":443\"; ma=2592000,h3-Q050=\":443\"; ma=2592000,h3-Q046=\":443\"; ma=2592000,h3-Q043=\":443\"; ma=2592000,quic=\":443\"; ma=2592000; v=\"46,43\"","accept-ranges":"none","transfer-encoding":"chunked"}
[debug] [2021-06-26T02:34:55.325Z] <<< HTTP RESPONSE BODY {"error":{"code":409,"message":"Requested entity already exists","status":"ALREADY_EXISTS"}}
[debug] [2021-06-26T02:34:55.645Z] FirebaseError: HTTP Error: 409, Requested entity already exists
    at module.exports (C:\Users\Michel\AppData\Roaming\npm\node_modules\firebase-tools\lib\responseToError.js:38:12)
    at Request._callback (C:\Users\Michel\AppData\Roaming\npm\node_modules\firebase-tools\lib\api.js:41:35)
    at Request.self.callback (C:\Users\Michel\AppData\Roaming\npm\node_modules\firebase-tools\node_modules\request\request.js:185:22)
    at Request.emit (events.js:315:20)
    at Request.EventEmitter.emit (domain.js:467:12)
    at Request.<anonymous> (C:\Users\Michel\AppData\Roaming\npm\node_modules\firebase-tools\node_modules\request\request.js:1154:10)
    at Request.emit (events.js:315:20)
    at Request.EventEmitter.emit (domain.js:467:12)
    at IncomingMessage.<anonymous> (C:\Users\Michel\AppData\Roaming\npm\node_modules\firebase-tools\node_modules\request\request.js:1076:12)
    at Object.onceWrapper (events.js:421:28)
    at IncomingMessage.emit (events.js:327:22)
    at IncomingMessage.EventEmitter.emit (domain.js:467:12)
    at endReadableNT (internal/streams/readable.js:1327:12)
    at processTicksAndRejections (internal/process/task_queues.js:80:21)
[error] 
[error] Error: Failed to create project because there is already a project with ID portfolio. Please try again with a unique project ID.
[debug] [2021-06-26T02:35:06.736Z] ----------------------------------------------------------------------
[debug] [2021-06-26T02:35:06.742Z] Command:       C:\Program Files\nodejs\node.exe C:\Users\Michel\AppData\Roaming\npm\node_modules\firebase-tools\lib\bin\firebase.js init
[debug] [2021-06-26T02:35:06.743Z] CLI Version:   9.14.0
[debug] [2021-06-26T02:35:06.743Z] Platform:      win32
[debug] [2021-06-26T02:35:06.743Z] Node Version:  v14.16.1
[debug] [2021-06-26T02:35:06.744Z] Time:          Fri Jun 25 2021 23:35:06 GMT-0300 (Horário Padrão de Brasília)
[debug] [2021-06-26T02:35:06.744Z] ----------------------------------------------------------------------
[debug] 
[debug] [2021-06-26T02:35:06.750Z] > command requires scopes: ["email","openid","https://www.googleapis.com/auth/cloudplatformprojects.readonly","https://www.googleapis.com/auth/firebase","https://www.googleapis.com/auth/cloud-platform"]
[debug] [2021-06-26T02:35:06.750Z] > authorizing via signed-in user (mvp.michel@gmail.com)
[info] 
     ######## #### ########  ######## ########     ###     ######  ########
     ##        ##  ##     ## ##       ##     ##  ##   ##  ##       ##
     ######    ##  ########  ######   ########  #########  ######  ######
     ##        ##  ##    ##  ##       ##     ## ##     ##       ## ##
     ##       #### ##     ## ######## ########  ##     ##  ######  ########

You're about to initialize a Firebase project in this directory:

  D:\webdeveloper\Portfolio Vue\my-portfolio

[info] 
=== Project Setup
[info] 
[info] First, let's associate this project directory with a Firebase project.
[info] You can create multiple project aliases by running firebase use --add, 
[info] but for now we'll just set up a default project.
[info] 
[info] i  If you want to create a project in a Google Cloud organization or folder, please use "firebase projects:create" instead, and return to this command when you've created the project. 
[debug] [2021-06-26T02:35:39.448Z] >>> HTTP REQUEST POST https://cloudresourcemanager.googleapis.com/v1/projects  
 {"projectId":"mvp-portfolio","name":"mvp-portfolio"}
[debug] [2021-06-26T02:35:40.452Z] <<< HTTP RESPONSE 409 {"vary":"X-Origin, Referer, Origin,Accept-Encoding","content-type":"application/json; charset=UTF-8","date":"Sat, 26 Jun 2021 02:35:25 GMT","server":"ESF","cache-control":"private","x-xss-protection":"0","x-frame-options":"SAMEORIGIN","x-content-type-options":"nosniff","server-timing":"gfet4t7; dur=812","alt-svc":"h3=\":443\"; ma=2592000,h3-29=\":443\"; ma=2592000,h3-T051=\":443\"; ma=2592000,h3-Q050=\":443\"; ma=2592000,h3-Q046=\":443\"; ma=2592000,h3-Q043=\":443\"; ma=2592000,quic=\":443\"; ma=2592000; v=\"46,43\"","accept-ranges":"none","transfer-encoding":"chunked"}
[debug] [2021-06-26T02:35:40.453Z] <<< HTTP RESPONSE BODY {"error":{"code":409,"message":"Requested entity already exists","status":"ALREADY_EXISTS"}}
[debug] [2021-06-26T02:35:40.689Z] FirebaseError: HTTP Error: 409, Requested entity already exists
    at module.exports (C:\Users\Michel\AppData\Roaming\npm\node_modules\firebase-tools\lib\responseToError.js:38:12)
    at Request._callback (C:\Users\Michel\AppData\Roaming\npm\node_modules\firebase-tools\lib\api.js:41:35)
    at Request.self.callback (C:\Users\Michel\AppData\Roaming\npm\node_modules\firebase-tools\node_modules\request\request.js:185:22)
    at Request.emit (events.js:315:20)
    at Request.EventEmitter.emit (domain.js:467:12)
    at Request.<anonymous> (C:\Users\Michel\AppData\Roaming\npm\node_modules\firebase-tools\node_modules\request\request.js:1154:10)
    at Request.emit (events.js:315:20)
    at Request.EventEmitter.emit (domain.js:467:12)
    at IncomingMessage.<anonymous> (C:\Users\Michel\AppData\Roaming\npm\node_modules\firebase-tools\node_modules\request\request.js:1076:12)
    at Object.onceWrapper (events.js:421:28)
    at IncomingMessage.emit (events.js:327:22)
    at IncomingMessage.EventEmitter.emit (domain.js:467:12)
    at endReadableNT (internal/streams/readable.js:1327:12)
    at processTicksAndRejections (internal/process/task_queues.js:80:21)
[error] 
[error] Error: Failed to create project because there is already a project with ID mvp-portfolio. Please try again with a unique project ID.
[debug] [2021-06-26T02:35:59.412Z] ----------------------------------------------------------------------
[debug] [2021-06-26T02:35:59.415Z] Command:       C:\Program Files\nodejs\node.exe C:\Users\Michel\AppData\Roaming\npm\node_modules\firebase-tools\lib\bin\firebase.js init
[debug] [2021-06-26T02:35:59.415Z] CLI Version:   9.14.0
[debug] [2021-06-26T02:35:59.415Z] Platform:      win32
[debug] [2021-06-26T02:35:59.415Z] Node Version:  v14.16.1
[debug] [2021-06-26T02:35:59.416Z] Time:          Fri Jun 25 2021 23:35:59 GMT-0300 (Horário Padrão de Brasília)
[debug] [2021-06-26T02:35:59.416Z] ----------------------------------------------------------------------
[debug] 
[debug] [2021-06-26T02:35:59.428Z] > command requires scopes: ["email","openid","https://www.googleapis.com/auth/cloudplatformprojects.readonly","https://www.googleapis.com/auth/firebase","https://www.googleapis.com/auth/cloud-platform"]
[debug] [2021-06-26T02:35:59.428Z] > authorizing via signed-in user (mvp.michel@gmail.com)
[info] 
     ######## #### ########  ######## ########     ###     ######  ########
     ##        ##  ##     ## ##       ##     ##  ##   ##  ##       ##
     ######    ##  ########  ######   ########  #########  ######  ######
     ##        ##  ##    ##  ##       ##     ## ##     ##       ## ##
     ##       #### ##     ## ######## ########  ##     ##  ######  ########

You're about to initialize a Firebase project in this directory:

  D:\webdeveloper\Portfolio Vue\my-portfolio

[info] 
=== Project Setup
[info] 
[info] First, let's associate this project directory with a Firebase project.
[info] You can create multiple project aliases by running firebase use --add, 
[info] but for now we'll just set up a default project.
[info] 
[info] i  If you want to create a project in a Google Cloud organization or folder, please use "firebase projects:create" instead, and return to this command when you've created the project. 
[debug] [2021-06-26T02:36:32.473Z] >>> HTTP REQUEST POST https://cloudresourcemanager.googleapis.com/v1/projects  
 {"projectId":"portfolio","name":"mvp-portfolio"}
[debug] [2021-06-26T02:36:33.457Z] <<< HTTP RESPONSE 409 {"vary":"X-Origin, Referer, Origin,Accept-Encoding","content-type":"application/json; charset=UTF-8","date":"Sat, 26 Jun 2021 02:36:18 GMT","server":"ESF","cache-control":"private","x-xss-protection":"0","x-frame-options":"SAMEORIGIN","x-content-type-options":"nosniff","server-timing":"gfet4t7; dur=793","alt-svc":"h3=\":443\"; ma=2592000,h3-29=\":443\"; ma=2592000,h3-T051=\":443\"; ma=2592000,h3-Q050=\":443\"; ma=2592000,h3-Q046=\":443\"; ma=2592000,h3-Q043=\":443\"; ma=2592000,quic=\":443\"; ma=2592000; v=\"46,43\"","accept-ranges":"none","transfer-encoding":"chunked"}
[debug] [2021-06-26T02:36:33.457Z] <<< HTTP RESPONSE BODY {"error":{"code":409,"message":"Requested entity already exists","status":"ALREADY_EXISTS"}}
[debug] [2021-06-26T02:36:33.706Z] FirebaseError: HTTP Error: 409, Requested entity already exists
    at module.exports (C:\Users\Michel\AppData\Roaming\npm\node_modules\firebase-tools\lib\responseToError.js:38:12)
    at Request._callback (C:\Users\Michel\AppData\Roaming\npm\node_modules\firebase-tools\lib\api.js:41:35)
    at Request.self.callback (C:\Users\Michel\AppData\Roaming\npm\node_modules\firebase-tools\node_modules\request\request.js:185:22)
    at Request.emit (events.js:315:20)
    at Request.EventEmitter.emit (domain.js:467:12)
    at Request.<anonymous> (C:\Users\Michel\AppData\Roaming\npm\node_modules\firebase-tools\node_modules\request\request.js:1154:10)
    at Request.emit (events.js:315:20)
    at Request.EventEmitter.emit (domain.js:467:12)
    at IncomingMessage.<anonymous> (C:\Users\Michel\AppData\Roaming\npm\node_modules\firebase-tools\node_modules\request\request.js:1076:12)
    at Object.onceWrapper (events.js:421:28)
    at IncomingMessage.emit (events.js:327:22)
    at IncomingMessage.EventEmitter.emit (domain.js:467:12)
    at endReadableNT (internal/streams/readable.js:1327:12)
    at processTicksAndRejections (internal/process/task_queues.js:80:21)
[error] 
[error] Error: Failed to create project because there is already a project with ID portfolio. Please try again with a unique project ID.
[debug] [2021-06-26T02:36:46.096Z] ----------------------------------------------------------------------
[debug] [2021-06-26T02:36:46.098Z] Command:       C:\Program Files\nodejs\node.exe C:\Users\Michel\AppData\Roaming\npm\node_modules\firebase-tools\lib\bin\firebase.js init
[debug] [2021-06-26T02:36:46.099Z] CLI Version:   9.14.0
[debug] [2021-06-26T02:36:46.099Z] Platform:      win32
[debug] [2021-06-26T02:36:46.099Z] Node Version:  v14.16.1
[debug] [2021-06-26T02:36:46.100Z] Time:          Fri Jun 25 2021 23:36:46 GMT-0300 (Horário Padrão de Brasília)
[debug] [2021-06-26T02:36:46.100Z] ----------------------------------------------------------------------
[debug] 
[debug] [2021-06-26T02:36:46.110Z] > command requires scopes: ["email","openid","https://www.googleapis.com/auth/cloudplatformprojects.readonly","https://www.googleapis.com/auth/firebase","https://www.googleapis.com/auth/cloud-platform"]
[debug] [2021-06-26T02:36:46.110Z] > authorizing via signed-in user (mvp.michel@gmail.com)
[info] 
     ######## #### ########  ######## ########     ###     ######  ########
     ##        ##  ##     ## ##       ##     ##  ##   ##  ##       ##
     ######    ##  ########  ######   ########  #########  ######  ######
     ##        ##  ##    ##  ##       ##     ## ##     ##       ## ##
     ##       #### ##     ## ######## ########  ##     ##  ######  ########

You're about to initialize a Firebase project in this directory:

  D:\webdeveloper\Portfolio Vue\my-portfolio

[info] 
=== Project Setup
[info] 
[info] First, let's associate this project directory with a Firebase project.
[info] You can create multiple project aliases by running firebase use --add, 
[info] but for now we'll just set up a default project.
[info] 
[info] i  If you want to create a project in a Google Cloud organization or folder, please use "firebase projects:create" instead, and return to this command when you've created the project. 
[debug] [2021-06-26T02:37:14.681Z] >>> HTTP REQUEST POST https://cloudresourcemanager.googleapis.com/v1/projects  
 {"projectId":"portfolio-mvp","name":"portfolio-mvp"}
[debug] [2021-06-26T02:37:15.700Z] <<< HTTP RESPONSE 200 {"content-type":"application/json; charset=UTF-8","vary":"X-Origin, Referer, Origin,Accept-Encoding","date":"Sat, 26 Jun 2021 02:37:00 GMT","server":"ESF","cache-control":"private","x-xss-protection":"0","x-frame-options":"SAMEORIGIN","x-content-type-options":"nosniff","server-timing":"gfet4t7; dur=829","alt-svc":"h3=\":443\"; ma=2592000,h3-29=\":443\"; ma=2592000,h3-T051=\":443\"; ma=2592000,h3-Q050=\":443\"; ma=2592000,h3-Q046=\":443\"; ma=2592000,h3-Q043=\":443\"; ma=2592000,quic=\":443\"; ma=2592000; v=\"46,43\"","accept-ranges":"none","transfer-encoding":"chunked"}
[debug] [2021-06-26T02:37:15.710Z] > refreshing access token with scopes: []
[debug] [2021-06-26T02:37:15.711Z] >>> HTTP REQUEST POST https://www.googleapis.com/oauth2/v3/token  
 <request body omitted>
[debug] [2021-06-26T02:37:15.962Z] <<< HTTP RESPONSE 200 {"date":"Sat, 26 Jun 2021 02:37:01 GMT","pragma":"no-cache","cache-control":"no-cache, no-store, max-age=0, must-revalidate","expires":"Mon, 01 Jan 1990 00:00:00 GMT","content-type":"application/json; charset=utf-8","vary":"X-Origin, Referer, Origin,Accept-Encoding","server":"scaffolding on HTTPServer2","x-xss-protection":"0","x-frame-options":"SAMEORIGIN","x-content-type-options":"nosniff","alt-svc":"h3=\":443\"; ma=2592000,h3-29=\":443\"; ma=2592000,h3-T051=\":443\"; ma=2592000,h3-Q050=\":443\"; ma=2592000,h3-Q046=\":443\"; ma=2592000,h3-Q043=\":443\"; ma=2592000,quic=\":443\"; ma=2592000; v=\"46,43\"","accept-ranges":"none","transfer-encoding":"chunked"}
[debug] [2021-06-26T02:37:15.973Z] >>> [apiv2][query] GET https://cloudresourcemanager.googleapis.com/v1/operations/cp.8304980692968936224 [none]
[debug] [2021-06-26T02:37:17.198Z] <<< [apiv2][status] GET https://cloudresourcemanager.googleapis.com/v1/operations/cp.8304980692968936224 200
[debug] [2021-06-26T02:37:17.199Z] <<< [apiv2][body] GET https://cloudresourcemanager.googleapis.com/v1/operations/cp.8304980692968936224 {"name":"operations/cp.8304980692968936224"}
[debug] [2021-06-26T02:37:17.702Z] [Project Creation Poller] Retrying task index 0
[debug] [2021-06-26T02:37:17.703Z] >>> [apiv2][query] GET https://cloudresourcemanager.googleapis.com/v1/operations/cp.8304980692968936224 [none]
[debug] [2021-06-26T02:37:18.998Z] <<< [apiv2][status] GET https://cloudresourcemanager.googleapis.com/v1/operations/cp.8304980692968936224 200
[debug] [2021-06-26T02:37:18.999Z] <<< [apiv2][body] GET https://cloudresourcemanager.googleapis.com/v1/operations/cp.8304980692968936224 {"name":"operations/cp.8304980692968936224","metadata":{"@type":"type.googleapis.com/google.cloudresourcemanager.v1.ProjectCreationStatus","gettable":true}}
[debug] [2021-06-26T02:37:20.011Z] [Project Creation Poller] Retrying task index 0
[debug] [2021-06-26T02:37:20.012Z] >>> [apiv2][query] GET https://cloudresourcemanager.googleapis.com/v1/operations/cp.8304980692968936224 [none]
[debug] [2021-06-26T02:37:21.259Z] <<< [apiv2][status] GET https://cloudresourcemanager.googleapis.com/v1/operations/cp.8304980692968936224 200
[debug] [2021-06-26T02:37:21.259Z] <<< [apiv2][body] GET https://cloudresourcemanager.googleapis.com/v1/operations/cp.8304980692968936224 {"name":"operations/cp.8304980692968936224","metadata":{"@type":"type.googleapis.com/google.cloudresourcemanager.v1.ProjectCreationStatus","gettable":true,"ready":true},"done":true,"response":{"@type":"type.googleapis.com/google.cloudresourcemanager.v1.Project","projectNumber":"690825168962","projectId":"portfolio-mvp","lifecycleState":"ACTIVE","name":"portfolio-mvp","createTime":"2021-06-26T02:37:00.848Z"}}
[debug] [2021-06-26T02:37:21.265Z] > refreshing access token with scopes: ["email","https://www.googleapis.com/auth/cloud-platform","https://www.googleapis.com/auth/cloudplatformprojects.readonly","https://www.googleapis.com/auth/firebase","openid"]
[debug] [2021-06-26T02:37:21.265Z] >>> HTTP REQUEST POST https://www.googleapis.com/oauth2/v3/token  
 <request body omitted>
[debug] [2021-06-26T02:37:21.569Z] <<< HTTP RESPONSE 200 {"date":"Sat, 26 Jun 2021 02:37:06 GMT","cache-control":"no-cache, no-store, max-age=0, must-revalidate","expires":"Mon, 01 Jan 1990 00:00:00 GMT","pragma":"no-cache","content-type":"application/json; charset=utf-8","vary":"X-Origin, Referer, Origin,Accept-Encoding","server":"scaffolding on HTTPServer2","x-xss-protection":"0","x-frame-options":"SAMEORIGIN","x-content-type-options":"nosniff","alt-svc":"h3=\":443\"; ma=2592000,h3-29=\":443\"; ma=2592000,h3-T051=\":443\"; ma=2592000,h3-Q050=\":443\"; ma=2592000,h3-Q046=\":443\"; ma=2592000,h3-Q043=\":443\"; ma=2592000,quic=\":443\"; ma=2592000; v=\"46,43\"","accept-ranges":"none","transfer-encoding":"chunked"}
[debug] [2021-06-26T02:37:21.592Z] >>> HTTP REQUEST POST https://firebase.googleapis.com/v1beta1/projects/portfolio-mvp:addFirebase  
 
[debug] [2021-06-26T02:37:24.016Z] <<< HTTP RESPONSE 200 {"content-type":"application/json; charset=UTF-8","vary":"X-Origin, Referer, Origin,Accept-Encoding","date":"Sat, 26 Jun 2021 02:37:09 GMT","server":"ESF","cache-control":"private","x-xss-protection":"0","x-frame-options":"SAMEORIGIN","x-content-type-options":"nosniff","alt-svc":"h3=\":443\"; ma=2592000,h3-29=\":443\"; ma=2592000,h3-T051=\":443\"; ma=2592000,h3-Q050=\":443\"; ma=2592000,h3-Q046=\":443\"; ma=2592000,h3-Q043=\":443\"; ma=2592000,quic=\":443\"; ma=2592000; v=\"46,43\"","accept-ranges":"none","transfer-encoding":"chunked"}
[debug] [2021-06-26T02:37:24.017Z] > refreshing access token with scopes: []
[debug] [2021-06-26T02:37:24.018Z] >>> HTTP REQUEST POST https://www.googleapis.com/oauth2/v3/token  
 <request body omitted>
[debug] [2021-06-26T02:37:24.303Z] <<< HTTP RESPONSE 200 {"pragma":"no-cache","expires":"Mon, 01 Jan 1990 00:00:00 GMT","date":"Sat, 26 Jun 2021 02:37:09 GMT","cache-control":"no-cache, no-store, max-age=0, must-revalidate","content-type":"application/json; charset=utf-8","vary":"X-Origin, Referer, Origin,Accept-Encoding","server":"scaffolding on HTTPServer2","x-xss-protection":"0","x-frame-options":"SAMEORIGIN","x-content-type-options":"nosniff","alt-svc":"h3=\":443\"; ma=2592000,h3-29=\":443\"; ma=2592000,h3-T051=\":443\"; ma=2592000,h3-Q050=\":443\"; ma=2592000,h3-Q046=\":443\"; ma=2592000,h3-Q043=\":443\"; ma=2592000,quic=\":443\"; ma=2592000; v=\"46,43\"","accept-ranges":"none","transfer-encoding":"chunked"}
[debug] [2021-06-26T02:37:24.329Z] >>> [apiv2][query] GET https://firebase.googleapis.com/v1beta1/operations/workflows/M2NmZjVlYjctNjQxNy00Mjc4LWFkMzQtMGNhYTYxOWYyYTZh [none]
[debug] [2021-06-26T02:37:25.691Z] <<< [apiv2][status] GET https://firebase.googleapis.com/v1beta1/operations/workflows/M2NmZjVlYjctNjQxNy00Mjc4LWFkMzQtMGNhYTYxOWYyYTZh 200
[debug] [2021-06-26T02:37:25.692Z] <<< [apiv2][body] GET https://firebase.googleapis.com/v1beta1/operations/workflows/M2NmZjVlYjctNjQxNy00Mjc4LWFkMzQtMGNhYTYxOWYyYTZh {"name":"operations/workflows/M2NmZjVlYjctNjQxNy00Mjc4LWFkMzQtMGNhYTYxOWYyYTZh"}
[debug] [2021-06-26T02:37:26.196Z] [Add Firebase Poller] Retrying task index 0
[debug] [2021-06-26T02:37:26.197Z] >>> [apiv2][query] GET https://firebase.googleapis.com/v1beta1/operations/workflows/M2NmZjVlYjctNjQxNy00Mjc4LWFkMzQtMGNhYTYxOWYyYTZh [none]
[debug] [2021-06-26T02:37:27.485Z] <<< [apiv2][status] GET https://firebase.googleapis.com/v1beta1/operations/workflows/M2NmZjVlYjctNjQxNy00Mjc4LWFkMzQtMGNhYTYxOWYyYTZh 200
[debug] [2021-06-26T02:37:27.485Z] <<< [apiv2][body] GET https://firebase.googleapis.com/v1beta1/operations/workflows/M2NmZjVlYjctNjQxNy00Mjc4LWFkMzQtMGNhYTYxOWYyYTZh {"name":"operations/workflows/M2NmZjVlYjctNjQxNy00Mjc4LWFkMzQtMGNhYTYxOWYyYTZh"}
[debug] [2021-06-26T02:37:28.492Z] [Add Firebase Poller] Retrying task index 0
[debug] [2021-06-26T02:37:28.493Z] >>> [apiv2][query] GET https://firebase.googleapis.com/v1beta1/operations/workflows/M2NmZjVlYjctNjQxNy00Mjc4LWFkMzQtMGNhYTYxOWYyYTZh [none]
[debug] [2021-06-26T02:37:29.993Z] <<< [apiv2][status] GET https://firebase.googleapis.com/v1beta1/operations/workflows/M2NmZjVlYjctNjQxNy00Mjc4LWFkMzQtMGNhYTYxOWYyYTZh 200
[debug] [2021-06-26T02:37:29.993Z] <<< [apiv2][body] GET https://firebase.googleapis.com/v1beta1/operations/workflows/M2NmZjVlYjctNjQxNy00Mjc4LWFkMzQtMGNhYTYxOWYyYTZh {"name":"operations/workflows/M2NmZjVlYjctNjQxNy00Mjc4LWFkMzQtMGNhYTYxOWYyYTZh"}
[debug] [2021-06-26T02:37:31.995Z] [Add Firebase Poller] Retrying task index 0
[debug] [2021-06-26T02:37:31.995Z] >>> [apiv2][query] GET https://firebase.googleapis.com/v1beta1/operations/workflows/M2NmZjVlYjctNjQxNy00Mjc4LWFkMzQtMGNhYTYxOWYyYTZh [none]
[debug] [2021-06-26T02:37:33.198Z] <<< [apiv2][status] GET https://firebase.googleapis.com/v1beta1/operations/workflows/M2NmZjVlYjctNjQxNy00Mjc4LWFkMzQtMGNhYTYxOWYyYTZh 200
[debug] [2021-06-26T02:37:33.198Z] <<< [apiv2][body] GET https://firebase.googleapis.com/v1beta1/operations/workflows/M2NmZjVlYjctNjQxNy00Mjc4LWFkMzQtMGNhYTYxOWYyYTZh {"name":"operations/workflows/M2NmZjVlYjctNjQxNy00Mjc4LWFkMzQtMGNhYTYxOWYyYTZh"}
[debug] [2021-06-26T02:37:37.206Z] [Add Firebase Poller] Retrying task index 0
[debug] [2021-06-26T02:37:37.207Z] >>> [apiv2][query] GET https://firebase.googleapis.com/v1beta1/operations/workflows/M2NmZjVlYjctNjQxNy00Mjc4LWFkMzQtMGNhYTYxOWYyYTZh [none]
[debug] [2021-06-26T02:37:38.427Z] <<< [apiv2][status] GET https://firebase.googleapis.com/v1beta1/operations/workflows/M2NmZjVlYjctNjQxNy00Mjc4LWFkMzQtMGNhYTYxOWYyYTZh 200
[debug] [2021-06-26T02:37:38.428Z] <<< [apiv2][body] GET https://firebase.googleapis.com/v1beta1/operations/workflows/M2NmZjVlYjctNjQxNy00Mjc4LWFkMzQtMGNhYTYxOWYyYTZh {"name":"operations/workflows/M2NmZjVlYjctNjQxNy00Mjc4LWFkMzQtMGNhYTYxOWYyYTZh","done":true,"response":{"@type":"type.googleapis.com/google.firebase.service.v1beta1.FirebaseProject","projectId":"portfolio-mvp","projectNumber":"690825168962","displayName":"portfolio-mvp","name":"projects/portfolio-mvp","resources":{"hostingSite":"portfolio-mvp"}}}
[info] 
[info] === Your Firebase project is ready! ===
[info] 
[info] Project information:
[info]    - Project ID: portfolio-mvp
[info]    - Project Name: portfolio-mvp
[info] 
[info] Firebase console is available at
[info] https://console.firebase.google.com/project/portfolio-mvp/overview
[info] i  Using project portfolio-mvp (portfolio-mvp) 
[info] 
=== Hosting Setup
[info] 
[info] Your public directory is the folder (relative to your project directory) that
[info] will contain Hosting assets to be uploaded with firebase deploy. If you
[info] have a build process for your assets, use your build's output directory.
[info] 
[debug] [2021-06-26T02:38:18.190Z] >>> [apiv2][query] GET https://www.gstatic.com/firebasejs/releases.json [none]
[debug] [2021-06-26T02:38:18.428Z] <<< [apiv2][status] GET https://www.gstatic.com/firebasejs/releases.json 200
[debug] [2021-06-26T02:38:18.429Z] <<< [apiv2][body] GET https://www.gstatic.com/firebasejs/releases.json {"current":{"version":"8.6.8","browserURL":"https://www.gstatic.com/firebasejs/8.6.8/firebase.js","packageURL":"https://www.gstatic.com/firebasejs/8.6.8/firebase.tgz"},"live":{"version":"8.6","browserURL":"https://www.gstatic.com/firebasejs/live/8.6/firebase.js","packageURL":"https://www.gstatic.com/firebasejs/live/8.6/firebase.tgz"},"components":{"analytics":"https://www.gstatic.com/firebasejs/8.6.8/firebase-analytics.js","app":"https://www.gstatic.com/firebasejs/8.6.8/firebase-app.js","app-check":"https://www.gstatic.com/firebasejs/8.6.8/firebase-app-check.js","auth":"https://www.gstatic.com/firebasejs/8.6.8/firebase-auth.js","database":"https://www.gstatic.com/firebasejs/8.6.8/firebase-database.js","firestore":"https://www.gstatic.com/firebasejs/8.6.8/firebase-firestore.js","functions":"https://www.gstatic.com/firebasejs/8.6.8/firebase-functions.js","installations":"https://www.gstatic.com/firebasejs/8.6.8/firebase-installations.js","messaging":"https://www.gstatic.com/firebasejs/8.6.8/firebase-messaging.js","storage":"https://www.gstatic.com/firebasejs/8.6.8/firebase-storage.js","performance":"https://www.gstatic.com/firebasejs/8.6.8/firebase-performance.js","remote-config":"https://www.gstatic.com/firebasejs/8.6.8/firebase-remote-config.js","firestore.memory":"https://www.gstatic.com/firebasejs/8.6.8/firebase-firestore.memory.js"}}
[info] +  Wrote public/index.html 
[info] 
[info] i  Detected a .git folder at D:\webdeveloper\Portfolio Vue\my-portfolio 
[info] i  Authorizing with GitHub to upload your service account to a GitHub repository's secrets store. 
[info] 
[info] Visit this URL on this device to log in:
[info] https://github.com/login/oauth/authorize?client_id=89cf50f02ac6aaed3484&state=463441614&redirect_uri=http%3A%2F%2Flocalhost%3A9005&scope=read%3Auser%20repo%20public_repo
[info] 
[info] Waiting for authentication...
[debug] [2021-06-26T02:38:36.627Z] >>> HTTP REQUEST POST https://github.com/login/oauth/access_token  
 {"client_id":"89cf50f02ac6aaed3484","client_secret":"3330d14abc895d9a74d5f17cd7a00711fa2c5bf0","code":"c4ed06b952de51fbe4f2","redirect_uri":"http://localhost:9005","state":"463441614"}
[debug] [2021-06-26T02:38:37.135Z] <<< HTTP RESPONSE 200 {"server":"GitHub.com","date":"Sat, 26 Jun 2021 02:38:22 GMT","content-type":"application/json; charset=utf-8","transfer-encoding":"chunked","vary":"X-PJAX, Accept-Encoding, Accept, X-Requested-With","permissions-policy":"interest-cohort=()","etag":"W/\"3529326db09aae2ca681414ebb8ef142\"","cache-control":"max-age=0, private, must-revalidate","strict-transport-security":"max-age=31536000; includeSubdomains; preload","x-frame-options":"deny","x-content-type-options":"nosniff","x-xss-protection":"0","referrer-policy":"origin-when-cross-origin, strict-origin-when-cross-origin","expect-ct":"max-age=2592000, report-uri=\"https://api.github.com/_private/browser/errors\"","content-security-policy":"default-src 'none'; base-uri 'self'; block-all-mixed-content; connect-src 'self' uploads.github.com www.githubstatus.com collector.githubapp.com api.github.com github-cloud.s3.amazonaws.com github-production-repository-file-5c1aeb.s3.amazonaws.com github-production-upload-manifest-file-7fdce7.s3.amazonaws.com github-production-user-asset-6210df.s3.amazonaws.com cdn.optimizely.com logx.optimizely.com/v1/events translator.github.com wss://alive.github.com; font-src github.githubassets.com; form-action 'self' github.com gist.github.com; frame-ancestors 'none'; frame-src render.githubusercontent.com render-temp.githubusercontent.com viewscreen.githubusercontent.com; img-src 'self' data: github.githubassets.com identicons.github.com collector.githubapp.com github-cloud.s3.amazonaws.com secured-user-images.githubusercontent.com/ *.githubusercontent.com; manifest-src 'self'; media-src 'none'; script-src github.githubassets.com; style-src 'unsafe-inline' github.githubassets.com; worker-src github.com/socket-worker-3f088aa2.js gist.github.com/socket-worker-3f088aa2.js","x-github-request-id":"DC66:3567:27C900:3BE507:60D6931E"}
[debug] [2021-06-26T02:38:37.141Z] >>> [apiv2][query] GET https://api.github.com/user [none]
[debug] [2021-06-26T02:38:37.714Z] <<< [apiv2][status] GET https://api.github.com/user 200
[debug] [2021-06-26T02:38:37.715Z] <<< [apiv2][body] GET https://api.github.com/user {"login":"mvpmichel","id":71674008,"node_id":"MDQ6VXNlcjcxNjc0MDA4","avatar_url":"https://avatars.githubusercontent.com/u/71674008?v=4","gravatar_id":"","url":"https://api.github.com/users/mvpmichel","html_url":"https://github.com/mvpmichel","followers_url":"https://api.github.com/users/mvpmichel/followers","following_url":"https://api.github.com/users/mvpmichel/following{/other_user}","gists_url":"https://api.github.com/users/mvpmichel/gists{/gist_id}","starred_url":"https://api.github.com/users/mvpmichel/starred{/owner}{/repo}","subscriptions_url":"https://api.github.com/users/mvpmichel/subscriptions","organizations_url":"https://api.github.com/users/mvpmichel/orgs","repos_url":"https://api.github.com/users/mvpmichel/repos","events_url":"https://api.github.com/users/mvpmichel/events{/privacy}","received_events_url":"https://api.github.com/users/mvpmichel/received_events","type":"User","site_admin":false,"name":"Michel Vieira Pinto","company":null,"blog":"https://www.linkedin.com/in/michel-vieira-78b806154/","location":"Florianópolis","email":"mvp.michel@gmail.com","hireable":null,"bio":"Desenvolvedor Front End","twitter_username":null,"public_repos":8,"public_gists":0,"followers":3,"following":2,"created_at":"2020-09-21T22:21:08Z","updated_at":"2021-06-26T02:38:21Z","private_gists":2,"total_private_repos":7,"owned_private_repos":7,"disk_usage":22357,"collaborators":0,"two_factor_authentication":false,"plan":{"name":"free","space":976562499,"collaborators":0,"private_repos":10000}}
[info] 
[info] +  Success! Logged into GitHub as mvpmichel 
[info] 
[debug] [2021-06-26T02:41:14.559Z] ----------------------------------------------------------------------
[debug] [2021-06-26T02:41:14.560Z] Command:       C:\Program Files\nodejs\node.exe C:\Users\Michel\AppData\Roaming\npm\node_modules\firebase-tools\lib\bin\firebase.js init hosting
[debug] [2021-06-26T02:41:14.561Z] CLI Version:   9.14.0
[debug] [2021-06-26T02:41:14.561Z] Platform:      win32
[debug] [2021-06-26T02:41:14.561Z] Node Version:  v14.16.1
[debug] [2021-06-26T02:41:14.562Z] Time:          Fri Jun 25 2021 23:41:14 GMT-0300 (Horário Padrão de Brasília)
[debug] [2021-06-26T02:41:14.562Z] ----------------------------------------------------------------------
[debug] 
[debug] [2021-06-26T02:41:14.567Z] > command requires scopes: ["email","openid","https://www.googleapis.com/auth/cloudplatformprojects.readonly","https://www.googleapis.com/auth/firebase","https://www.googleapis.com/auth/cloud-platform"]
[debug] [2021-06-26T02:41:14.567Z] > authorizing via signed-in user (mvp.michel@gmail.com)
[info] 
     ######## #### ########  ######## ########     ###     ######  ########
     ##        ##  ##     ## ##       ##     ##  ##   ##  ##       ##
     ######    ##  ########  ######   ########  #########  ######  ######
     ##        ##  ##    ##  ##       ##     ## ##     ##       ## ##
     ##       #### ##     ## ######## ########  ##     ##  ######  ########

You're about to initialize a Firebase project in this directory:

  D:\webdeveloper\Portfolio Vue\my-portfolio

